# JRE version: Java(TM) SE Runtime Environment (21.0.7+8) (build 21.0.7+8-LTS-245)
# Java VM: Java HotSpot(TM) 64-Bit Server VM (21.0.7+8-LTS-245, mixed mode, sharing, tiered, compressed oops, compressed class ptrs, g1 gc, windows-amd64)
GC Precious Log:
 CardTable entry size: 512
 Card Set container configuration: InlinePtr #cards 5 size 8 Array Of Cards #cards 12 size 40 Howl #buckets 4 coarsen threshold 1843 Howl Bitmap #cards 512 size 80 coarsen threshold 460 Card regions per heap region 1 cards per card region 2048
 CPUs: 8 total, 8 available
 Memory: 16230M
 Large Page Support: Disabled
 NUMA Support: Disabled
 Compressed Oops: Enabled (32-bit)
 Heap Region Size: 1M
 Heap Min Capacity: 8M
 Heap Initial Capacity: 254M
 Heap Max Capacity: 1536M
 Pre-touch: Disabled
 Parallel Workers: 8
 Concurrent Workers: 2
 Concurrent Refinement Workers: 8
 Periodic GC: Disabled
Heap:
 garbage-first heap   total 119808K, used 96146K [0x00000000a0000000, 0x0000000100000000)
  region size 1024K, 44 young (45056K), 5 survivors (5120K)
 Metaspace       used 67137K, committed 68928K, reserved 1114112K
  class space    used 8968K, committed 9856K, reserved 1048576K
GC Heap History (20 events):
Event: 9.002 GC heap before
{Heap before GC invocations=10 (full 0):
 garbage-first heap   total 110592K, used 95588K [0x00000000a0000000, 0x0000000100000000)
  region size 1024K, 64 young (65536K), 7 survivors (7168K)
 Metaspace       used 49487K, committed 51072K, reserved 1114112K
  class space    used 6905K, committed 7680K, reserved 1048576K
}
Event: 9.008 GC heap after
{Heap after GC invocations=11 (full 0):
 garbage-first heap   total 110592K, used 38877K [0x00000000a0000000, 0x0000000100000000)
  region size 1024K, 4 young (4096K), 4 survivors (4096K)
 Metaspace       used 49487K, committed 51072K, reserved 1114112K
  class space    used 6905K, committed 7680K, reserved 1048576K
}
Event: 9.874 GC heap before
{Heap before GC invocations=11 (full 0):
 garbage-first heap   total 110592K, used 97245K [0x00000000a0000000, 0x0000000100000000)
  region size 1024K, 61 young (62464K), 4 survivors (4096K)
 Metaspace       used 53257K, committed 55040K, reserved 1114112K
  class space    used 7509K, committed 8384K, reserved 1048576K
}
Event: 9.878 GC heap after
{Heap after GC invocations=12 (full 0):
 garbage-first heap   total 110592K, used 41709K [0x00000000a0000000, 0x0000000100000000)
  region size 1024K, 7 young (7168K), 7 survivors (7168K)
 Metaspace       used 53257K, committed 55040K, reserved 1114112K
  class space    used 7509K, committed 8384K, reserved 1048576K
}
Event: 10.556 GC heap before
{Heap before GC invocations=12 (full 0):
 garbage-first heap   total 110592K, used 68333K [0x00000000a0000000, 0x0000000100000000)
  region size 1024K, 35 young (35840K), 7 survivors (7168K)
 Metaspace       used 59066K, committed 60800K, reserved 1114112K
  class space    used 8228K, committed 9088K, reserved 1048576K
}
Event: 10.563 GC heap after
{Heap after GC invocations=13 (full 0):
 garbage-first heap   total 110592K, used 44816K [0x00000000a0000000, 0x0000000100000000)
  region size 1024K, 7 young (7168K), 7 survivors (7168K)
 Metaspace       used 59066K, committed 60800K, reserved 1114112K
  class space    used 8228K, committed 9088K, reserved 1048576K
}
Event: 13.974 GC heap before
{Heap before GC invocations=14 (full 0):
 garbage-first heap   total 110592K, used 96016K [0x00000000a0000000, 0x0000000100000000)
  region size 1024K, 57 young (58368K), 7 survivors (7168K)
 Metaspace       used 64488K, committed 66304K, reserved 1114112K
  class space    used 8754K, committed 9664K, reserved 1048576K
}
Event: 13.986 GC heap after
{Heap after GC invocations=15 (full 0):
 garbage-first heap   total 110592K, used 48517K [0x00000000a0000000, 0x0000000100000000)
  region size 1024K, 7 young (7168K), 7 survivors (7168K)
 Metaspace       used 64488K, committed 66304K, reserved 1114112K
  class space    used 8754K, committed 9664K, reserved 1048576K
}
Event: 25.763 GC heap before
{Heap before GC invocations=15 (full 0):
 garbage-first heap   total 110592K, used 95621K [0x00000000a0000000, 0x0000000100000000)
  region size 1024K, 54 young (55296K), 7 survivors (7168K)
 Metaspace       used 65200K, committed 67008K, reserved 1114112K
  class space    used 8768K, committed 9664K, reserved 1048576K
}
Event: 25.774 GC heap after
{Heap after GC invocations=16 (full 0):
 garbage-first heap   total 110592K, used 49190K [0x00000000a0000000, 0x0000000100000000)
  region size 1024K, 5 young (5120K), 5 survivors (5120K)
 Metaspace       used 65200K, committed 67008K, reserved 1114112K
  class space    used 8768K, committed 9664K, reserved 1048576K
}
Event: 39.411 GC heap before
{Heap before GC invocations=16 (full 0):
 garbage-first heap   total 110592K, used 97318K [0x00000000a0000000, 0x0000000100000000)
  region size 1024K, 53 young (54272K), 5 survivors (5120K)
 Metaspace       used 65635K, committed 67456K, reserved 1114112K
  class space    used 8773K, committed 9664K, reserved 1048576K
}
Event: 39.421 GC heap after
{Heap after GC invocations=17 (full 0):
 garbage-first heap   total 110592K, used 51088K [0x00000000a0000000, 0x0000000100000000)
  region size 1024K, 4 young (4096K), 4 survivors (4096K)
 Metaspace       used 65635K, committed 67456K, reserved 1114112K
  class space    used 8773K, committed 9664K, reserved 1048576K
}
Event: 44.785 GC heap before
{Heap before GC invocations=17 (full 0):
 garbage-first heap   total 110592K, used 98192K [0x00000000a0000000, 0x0000000100000000)
  region size 1024K, 51 young (52224K), 4 survivors (4096K)
 Metaspace       used 66005K, committed 67712K, reserved 1114112K
  class space    used 8817K, committed 9664K, reserved 1048576K
}
Event: 44.791 GC heap after
{Heap after GC invocations=18 (full 0):
 garbage-first heap   total 110592K, used 52769K [0x00000000a0000000, 0x0000000100000000)
  region size 1024K, 6 young (6144K), 6 survivors (6144K)
 Metaspace       used 66005K, committed 67712K, reserved 1114112K
  class space    used 8817K, committed 9664K, reserved 1048576K
}
Event: 48.102 GC heap before
{Heap before GC invocations=19 (full 0):
 garbage-first heap   total 110592K, used 95777K [0x00000000a0000000, 0x0000000100000000)
  region size 1024K, 49 young (50176K), 6 survivors (6144K)
 Metaspace       used 66177K, committed 67968K, reserved 1114112K
  class space    used 8812K, committed 9664K, reserved 1048576K
}
Event: 48.105 GC heap after
{Heap after GC invocations=20 (full 0):
 garbage-first heap   total 110592K, used 52458K [0x00000000a0000000, 0x0000000100000000)
  region size 1024K, 4 young (4096K), 4 survivors (4096K)
 Metaspace       used 66177K, committed 67968K, reserved 1114112K
  class space    used 8812K, committed 9664K, reserved 1048576K
}
Event: 68.065 GC heap before
{Heap before GC invocations=20 (full 0):
 garbage-first heap   total 110592K, used 100586K [0x00000000a0000000, 0x0000000100000000)
  region size 1024K, 51 young (52224K), 4 survivors (4096K)
 Metaspace       used 67066K, committed 68864K, reserved 1114112K
  class space    used 8968K, committed 9856K, reserved 1048576K
}
Event: 68.078 GC heap after
{Heap after GC invocations=21 (full 0):
 garbage-first heap   total 110592K, used 55907K [0x00000000a0000000, 0x0000000100000000)
  region size 1024K, 5 young (5120K), 5 survivors (5120K)
 Metaspace       used 67066K, committed 68864K, reserved 1114112K
  class space    used 8968K, committed 9856K, reserved 1048576K
}
Event: 68.439 GC heap before
{Heap before GC invocations=21 (full 0):
 garbage-first heap   total 110592K, used 97891K [0x00000000a0000000, 0x0000000100000000)
  region size 1024K, 47 young (48128K), 5 survivors (5120K)
 Metaspace       used 67106K, committed 68928K, reserved 1114112K
  class space    used 8968K, committed 9856K, reserved 1048576K
}
Event: 68.449 GC heap after
{Heap after GC invocations=22 (full 0):
 garbage-first heap   total 110592K, used 57234K [0x00000000a0000000, 0x0000000100000000)
  region size 1024K, 5 young (5120K), 5 survivors (5120K)
 Metaspace       used 67106K, committed 68928K, reserved 1114112K
  class space    used 8968K, committed 9856K, reserved 1048576K
}

